  celda.cpp
  main.cpp
  reglasTablero.cpp
C:\Users\sarma\Desktop\ecosistema  final\sudoku\SUDOKU\reglasTablero.cpp(137,17): error C2664: 'void tTablero::set_celda(int,int,int)': el argumento 3 no puede convertirse de 'tCelda' a 'int'
      C:\Users\sarma\Desktop\ecosistema  final\sudoku\SUDOKU\reglasTablero.cpp(137,33):
      No hay disponible ningún operador de conversión definido por el usuario que pueda realizar esta conversión, o bien no se puede llamar al operador
      C:\Users\sarma\Desktop\ecosistema  final\sudoku\SUDOKU\tablero.h(20,7):
      vea la declaración de 'tTablero::set_celda'
      C:\Users\sarma\Desktop\ecosistema  final\sudoku\SUDOKU\reglasTablero.cpp(137,17):
      al hacer coincidir la lista de argumentos '(int, int, tCelda)'
  
C:\Users\sarma\Desktop\ecosistema  final\sudoku\SUDOKU\reglasTablero.cpp(196,29): error C2664: 'void tTablero::set_celda(int,int,int)': el argumento 3 no puede convertirse de 'tCelda' a 'int'
      C:\Users\sarma\Desktop\ecosistema  final\sudoku\SUDOKU\reglasTablero.cpp(196,45):
      No hay disponible ningún operador de conversión definido por el usuario que pueda realizar esta conversión, o bien no se puede llamar al operador
      C:\Users\sarma\Desktop\ecosistema  final\sudoku\SUDOKU\tablero.h(20,7):
      vea la declaración de 'tTablero::set_celda'
      C:\Users\sarma\Desktop\ecosistema  final\sudoku\SUDOKU\reglasTablero.cpp(196,29):
      al hacer coincidir la lista de argumentos '(int, int, tCelda)'
  
  tablero.cpp
C:\Users\sarma\Desktop\ecosistema  final\sudoku\SUDOKU\tablero.cpp(38,16): error C2511: 'void tTablero::set_celda(int,int,tCelda)': la función miembro sobrecargada no se ha encontrado en 'tTablero'
      C:\Users\sarma\Desktop\ecosistema  final\sudoku\SUDOKU\tablero.h(11,7):
      vea la declaración de 'tTablero'
  
C:\Users\sarma\Desktop\ecosistema  final\sudoku\SUDOKU\tablero.cpp(39,2): error C2597: referencia no válida a miembro no static 'tTablero::mCelda'
      C:\Users\sarma\Desktop\ecosistema  final\sudoku\SUDOKU\tablero.cpp(39,2):
      vea la declaración de 'tTablero::mCelda'
  
C:\Users\sarma\Desktop\ecosistema  final\sudoku\SUDOKU\tablero.cpp(39,2): error C3867: 'tTablero::mCelda': sintaxis no estándar; utilice '&' para crear un puntero al miembro
C:\Users\sarma\Desktop\ecosistema  final\sudoku\SUDOKU\tablero.cpp(39,2): error C2568: '[': no se puede resolver la sobrecarga de funciones
C:\Users\sarma\Desktop\ecosistema  final\sudoku\SUDOKU\tablero.cpp(42,3): error C2597: referencia no válida a miembro no static 'tTablero::mCelda'
      C:\Users\sarma\Desktop\ecosistema  final\sudoku\SUDOKU\tablero.cpp(42,3):
      vea la declaración de 'tTablero::mCelda'
  
C:\Users\sarma\Desktop\ecosistema  final\sudoku\SUDOKU\tablero.cpp(42,3): error C3867: 'tTablero::mCelda': sintaxis no estándar; utilice '&' para crear un puntero al miembro
C:\Users\sarma\Desktop\ecosistema  final\sudoku\SUDOKU\tablero.cpp(42,3): error C2568: '[': no se puede resolver la sobrecarga de funciones
C:\Users\sarma\Desktop\ecosistema  final\sudoku\SUDOKU\tablero.cpp(46,3): error C2597: referencia no válida a miembro no static 'tTablero::mCelda'
      C:\Users\sarma\Desktop\ecosistema  final\sudoku\SUDOKU\tablero.cpp(46,3):
      vea la declaración de 'tTablero::mCelda'
  
C:\Users\sarma\Desktop\ecosistema  final\sudoku\SUDOKU\tablero.cpp(46,3): error C3867: 'tTablero::mCelda': sintaxis no estándar; utilice '&' para crear un puntero al miembro
C:\Users\sarma\Desktop\ecosistema  final\sudoku\SUDOKU\tablero.cpp(46,3): error C2568: '[': no se puede resolver la sobrecarga de funciones
C:\Users\sarma\Desktop\ecosistema  final\sudoku\SUDOKU\tablero.cpp(50,3): error C2597: referencia no válida a miembro no static 'tTablero::mCelda'
      C:\Users\sarma\Desktop\ecosistema  final\sudoku\SUDOKU\tablero.cpp(50,3):
      vea la declaración de 'tTablero::mCelda'
  
C:\Users\sarma\Desktop\ecosistema  final\sudoku\SUDOKU\tablero.cpp(50,3): error C3867: 'tTablero::mCelda': sintaxis no estándar; utilice '&' para crear un puntero al miembro
C:\Users\sarma\Desktop\ecosistema  final\sudoku\SUDOKU\tablero.cpp(50,3): error C2568: '[': no se puede resolver la sobrecarga de funciones
  Generando código...
C:\Users\sarma\Desktop\ecosistema  final\sudoku\SUDOKU\celda.cpp(13,1): error C4716: 'tCelda::Celda': debe devolver un valor
